<?xml version="1.0" encoding="UTF-8"?>
<FileZilla3 version="3.69.1" platform="windows">
	<Servers>
		<Server>
			<Host>5.135.108.254</Host>
			<Port>22</Port>
			<Protocol>1</Protocol>
			<Type>0</Type>
			<User>sftpuser</User>
			<Pass encoding="base64">bzAheFdjWE5oVzJ6cXpnT1YjZW85SEtKWSZwcFpA</Pass>
			<Logontype>1</Logontype>
			<EncodingType>Auto</EncodingType>
			<BypassProxy>0</BypassProxy>
			<Name>SFTP</Name>
			<SyncBrowsing>0</SyncBrowsing>
			<DirectoryComparison>0</DirectoryComparison>
		</Server>
		<Server>
			<Host>5.135.108.254</Host>
			<Port>22</Port>
			<Protocol>1</Protocol>
			<Type>0</Type>
			<User>tourly</User>
			<Pass encoding="base64" />
			<Logontype>1</Logontype>
			<EncodingType>Auto</EncodingType>
			<BypassProxy>0</BypassProxy>
			<Name>tourly</Name>
			<SyncBrowsing>0</SyncBrowsing>
			<DirectoryComparison>0</DirectoryComparison>
		</Server>
		<Server>
			<Host>5.135.108.254</Host>
			<Port>22</Port>
			<Protocol>1</Protocol>
			<Type>0</Type>
			<User>sysadmin</User>
			<Pass encoding="base64" />
			<Logontype>1</Logontype>
			<EncodingType>Auto</EncodingType>
			<BypassProxy>0</BypassProxy>
			<Name>tourly@GRA2-prod-ip-51-68-35-60</Name>
			<SyncBrowsing>0</SyncBrowsing>
			<DirectoryComparison>0</DirectoryComparison>
		</Server>
	</Servers>
</FileZilla3>
